<?xml version="1.0" encoding="UTF-8"?>
<!-- Generated by org.testng.reporters.JUnitXMLReporter -->
<testsuite hostname="Gayathri" ignored="0" name="Default test" tests="3" failures="0" timestamp="14 Nov 2019 03:33:22 GMT" time="41.387" errors="0">
  <testcase name="verifyHomePageTitile" time="16.066" classname="com.k2js.mavenbasicframework.testscripts.NewTourRunner"/>
  <testcase name="verifyConformationMessage" time="13.061" classname="com.k2js.mavenbasicframework.testscripts.NewTourRunner"/>
  <testcase name="verifyFlightDetails_Prefrences_Headings" time="12.214" classname="com.k2js.mavenbasicframework.testscripts.NewTourRunner"/>
</testsuite> <!-- Default test -->
