<?xml version="1.0" encoding="UTF-8"?>
<!-- Generated by org.testng.reporters.JUnitXMLReporter -->
<testsuite hostname="Gayathri" ignored="0" name="Default test" tests="3" failures="0" timestamp="19 Nov 2019 08:37:21 GMT" time="142.473" errors="0">
  <testcase name="verifyHomePageTitile" time="20.21" classname="com.k2js.mavenbasicframework.testscripts.NewTourRunner"/>
  <testcase name="verifyConformationMessage" time="55.161" classname="com.k2js.mavenbasicframework.testscripts.NewTourRunner"/>
  <testcase name="verifyFlightDetails_Prefrences_Headings" time="66.967" classname="com.k2js.mavenbasicframework.testscripts.NewTourRunner"/>
</testsuite> <!-- Default test -->
